c:\users\admin\source\repos\calculator\calculator\debug\rcc\qrc_calculator.cpp
c:\users\admin\source\repos\calculator\calculator\debug\uic\ui_calculator.h
c:\users\admin\source\repos\calculator\calculator\debug\moc\moc_calculator.cpp
c:\users\admin\source\repos\calculator\calculator\debug\qtvars_plugin_import.obj
c:\users\admin\source\repos\calculator\calculator\debug\qrc_calculator.obj
c:\users\admin\source\repos\calculator\calculator\debug\vc142.pdb
c:\users\admin\source\repos\calculator\calculator\debug\calculator.obj
c:\users\admin\source\repos\calculator\calculator\debug\main.obj
c:\users\admin\source\repos\calculator\calculator\debug\moc_calculator.obj
c:\users\admin\source\repos\calculator\debug\calculator.exe
c:\users\admin\source\repos\calculator\debug\calculator.ilk
c:\users\admin\source\repos\calculator\debug\calculator.pdb
c:\users\admin\source\repos\calculator\calculator\debug\calculator.tlog\calculator.write.1u.tlog
c:\users\admin\source\repos\calculator\calculator\debug\calculator.tlog\cl.command.1.tlog
c:\users\admin\source\repos\calculator\calculator\debug\calculator.tlog\cl.read.1.tlog
c:\users\admin\source\repos\calculator\calculator\debug\calculator.tlog\cl.write.1.tlog
c:\users\admin\source\repos\calculator\calculator\debug\calculator.tlog\link.command.1.tlog
c:\users\admin\source\repos\calculator\calculator\debug\calculator.tlog\link.read.1.tlog
c:\users\admin\source\repos\calculator\calculator\debug\calculator.tlog\link.write.1.tlog
c:\users\admin\source\repos\calculator\calculator\debug\calculator.tlog\moc.read.1u.tlog
c:\users\admin\source\repos\calculator\calculator\debug\calculator.tlog\moc.write.1u.tlog
c:\users\admin\source\repos\calculator\calculator\debug\calculator.tlog\rcc.read.1u.tlog
c:\users\admin\source\repos\calculator\calculator\debug\calculator.tlog\rcc.write.1u.tlog
c:\users\admin\source\repos\calculator\calculator\debug\calculator.tlog\uic.read.1u.tlog
c:\users\admin\source\repos\calculator\calculator\debug\calculator.tlog\uic.write.1u.tlog
